<?xml version="1.0" encoding="UTF-8"?>
<testsuite xmlns:xsi="http://www.w3.org/2001/XMLSchema-instance" xsi:noNamespaceSchemaLocation="https://maven.apache.org/surefire/maven-surefire-plugin/xsd/surefire-test-report.xsd" name="co.com.vanegas.microservice.resolveEnigmaApi.api.GetStepApiControllerIntegrationTest" time="3.639" tests="1" errors="1" skipped="0" failures="0">
  <properties>
[...]
</properties>
  <testcase name="getStepTest" classname="co.com.vanegas.microservice.resolveEnigmaApi.api.GetStepApiControllerIntegrationTest" time="0.124">
    <error message="Cannot invoke &quot;java.util.List.get(int)&quot; because the return value of &quot;co.com.vanegas.microservice.resolveEnigmaApi.model.JsonApiBodyRequest.getData()&quot; is null" type="java.lang.NullPointerException">java.lang.NullPointerException: Cannot invoke "java.util.List.get(int)" because the return value of "co.com.vanegas.microservice.resolveEnigmaApi.model.JsonApiBodyRequest.getData()" is null
	at co.com.vanegas.microservice.resolveEnigmaApi.api.GetStepApiControllerIntegrationTest.getStepTest(GetStepApiControllerIntegrationTest.java:29)
</error>
    <system-out><![CDATA[19:33:00.128 [main] DEBUG org.springframework.test.context.junit4.SpringJUnit4ClassRunner - SpringJUnit4ClassRunner constructor called with [class co.com.vanegas.microservice.resolveEnigmaApi.api.GetStepApiControllerIntegrationTest]
19:33:00.130 [main] DEBUG org.springframework.test.context.BootstrapUtils - Instantiating CacheAwareContextLoaderDelegate from class [org.springframework.test.context.cache.DefaultCacheAwareContextLoaderDelegate]
19:33:00.134 [main] DEBUG org.springframework.test.context.BootstrapUtils - Instantiating BootstrapContext using constructor [public org.springframework.test.context.support.DefaultBootstrapContext(java.lang.Class,org.springframework.test.context.CacheAwareContextLoaderDelegate)]
19:33:00.147 [main] DEBUG org.springframework.test.context.BootstrapUtils - Instantiating TestContextBootstrapper for test class [co.com.vanegas.microservice.resolveEnigmaApi.api.GetStepApiControllerIntegrationTest] from class [org.springframework.boot.test.context.SpringBootTestContextBootstrapper]
19:33:00.153 [main] INFO org.springframework.boot.test.context.SpringBootTestContextBootstrapper - Neither @ContextConfiguration nor @ContextHierarchy found for test class [co.com.vanegas.microservice.resolveEnigmaApi.api.GetStepApiControllerIntegrationTest], using SpringBootContextLoader
19:33:00.155 [main] DEBUG org.springframework.test.context.support.AbstractContextLoader - Did not detect default resource location for test class [co.com.vanegas.microservice.resolveEnigmaApi.api.GetStepApiControllerIntegrationTest]: class path resource [co/com/vanegas/microservice/resolveEnigmaApi/api/GetStepApiControllerIntegrationTest-context.xml] does not exist
19:33:00.155 [main] DEBUG org.springframework.test.context.support.AbstractContextLoader - Did not detect default resource location for test class [co.com.vanegas.microservice.resolveEnigmaApi.api.GetStepApiControllerIntegrationTest]: class path resource [co/com/vanegas/microservice/resolveEnigmaApi/api/GetStepApiControllerIntegrationTestContext.groovy] does not exist
19:33:00.155 [main] INFO org.springframework.test.context.support.AbstractContextLoader - Could not detect default resource locations for test class [co.com.vanegas.microservice.resolveEnigmaApi.api.GetStepApiControllerIntegrationTest]: no resource found for suffixes {-context.xml, Context.groovy}.
19:33:00.155 [main] INFO org.springframework.test.context.support.AnnotationConfigContextLoaderUtils - Could not detect default configuration classes for test class [co.com.vanegas.microservice.resolveEnigmaApi.api.GetStepApiControllerIntegrationTest]: GetStepApiControllerIntegrationTest does not declare any static, non-private, non-final, nested classes annotated with @Configuration.
19:33:00.181 [main] DEBUG org.springframework.test.context.support.ActiveProfilesUtils - Could not find an 'annotation declaring class' for annotation type [org.springframework.test.context.ActiveProfiles] and class [co.com.vanegas.microservice.resolveEnigmaApi.api.GetStepApiControllerIntegrationTest]
19:33:00.213 [main] DEBUG org.springframework.context.annotation.ClassPathScanningCandidateComponentProvider - Identified candidate component class: file [/Users/lilianestefaniamaradiagocorrea/Desktop/servicios/orquestador/ResolveEnigmaAp 1/target/classes/co/com/vanegas/microservice/resolveEnigmaApi/Swagger2SpringBoot.class]
19:33:00.213 [main] INFO org.springframework.boot.test.context.SpringBootTestContextBootstrapper - Found @SpringBootConfiguration co.com.vanegas.microservice.resolveEnigmaApi.Swagger2SpringBoot for test class co.com.vanegas.microservice.resolveEnigmaApi.api.GetStepApiControllerIntegrationTest
19:33:00.244 [main] DEBUG org.springframework.boot.test.context.SpringBootTestContextBootstrapper - @TestExecutionListeners is not present for class [co.com.vanegas.microservice.resolveEnigmaApi.api.GetStepApiControllerIntegrationTest]: using defaults.
19:33:00.244 [main] INFO org.springframework.boot.test.context.SpringBootTestContextBootstrapper - Loaded default TestExecutionListener class names from location [META-INF/spring.factories]: [org.springframework.boot.test.mock.mockito.MockitoTestExecutionListener, org.springframework.boot.test.mock.mockito.ResetMocksTestExecutionListener, org.springframework.boot.test.autoconfigure.restdocs.RestDocsTestExecutionListener, org.springframework.boot.test.autoconfigure.web.client.MockRestServiceServerResetTestExecutionListener, org.springframework.boot.test.autoconfigure.web.servlet.MockMvcPrintOnlyOnFailureTestExecutionListener, org.springframework.boot.test.autoconfigure.web.servlet.WebDriverTestExecutionListener, org.springframework.boot.test.autoconfigure.webservices.client.MockWebServiceServerTestExecutionListener, org.springframework.test.context.web.ServletTestExecutionListener, org.springframework.test.context.support.DirtiesContextBeforeModesTestExecutionListener, org.springframework.test.context.support.DependencyInjectionTestExecutionListener, org.springframework.test.context.support.DirtiesContextTestExecutionListener, org.springframework.test.context.transaction.TransactionalTestExecutionListener, org.springframework.test.context.jdbc.SqlScriptsTestExecutionListener, org.springframework.test.context.event.EventPublishingTestExecutionListener]
19:33:00.247 [main] DEBUG org.springframework.boot.test.context.SpringBootTestContextBootstrapper - Skipping candidate TestExecutionListener [org.springframework.test.context.transaction.TransactionalTestExecutionListener] due to a missing dependency. Specify custom listener classes or make the default listener classes and their required dependencies available. Offending class: [org/springframework/transaction/interceptor/TransactionAttributeSource]
19:33:00.247 [main] DEBUG org.springframework.boot.test.context.SpringBootTestContextBootstrapper - Skipping candidate TestExecutionListener [org.springframework.test.context.jdbc.SqlScriptsTestExecutionListener] due to a missing dependency. Specify custom listener classes or make the default listener classes and their required dependencies available. Offending class: [org/springframework/transaction/interceptor/TransactionAttribute]
19:33:00.248 [main] INFO org.springframework.boot.test.context.SpringBootTestContextBootstrapper - Using TestExecutionListeners: [org.springframework.test.context.web.ServletTestExecutionListener@4ee203eb, org.springframework.test.context.support.DirtiesContextBeforeModesTestExecutionListener@1a5a4e19, org.springframework.boot.test.mock.mockito.MockitoTestExecutionListener@7068e664, org.springframework.boot.test.autoconfigure.SpringBootDependencyInjectionTestExecutionListener@60db1c0e, org.springframework.test.context.support.DirtiesContextTestExecutionListener@3e78b6a5, org.springframework.test.context.event.EventPublishingTestExecutionListener@769a1df5, org.springframework.boot.test.mock.mockito.ResetMocksTestExecutionListener@41f69e84, org.springframework.boot.test.autoconfigure.restdocs.RestDocsTestExecutionListener@7975d1d8, org.springframework.boot.test.autoconfigure.web.client.MockRestServiceServerResetTestExecutionListener@2438dcd, org.springframework.boot.test.autoconfigure.web.servlet.MockMvcPrintOnlyOnFailureTestExecutionListener@24105dc5, org.springframework.boot.test.autoconfigure.web.servlet.WebDriverTestExecutionListener@5167f57d, org.springframework.boot.test.autoconfigure.webservices.client.MockWebServiceServerTestExecutionListener@64b0598]
19:33:00.248 [main] DEBUG org.springframework.test.annotation.ProfileValueUtils - Retrieved @ProfileValueSourceConfiguration [null] for test class [co.com.vanegas.microservice.resolveEnigmaApi.api.GetStepApiControllerIntegrationTest]
19:33:00.248 [main] DEBUG org.springframework.test.annotation.ProfileValueUtils - Retrieved ProfileValueSource type [class org.springframework.test.annotation.SystemProfileValueSource] for class [co.com.vanegas.microservice.resolveEnigmaApi.api.GetStepApiControllerIntegrationTest]
19:33:00.249 [main] DEBUG org.springframework.test.annotation.ProfileValueUtils - Retrieved @ProfileValueSourceConfiguration [null] for test class [co.com.vanegas.microservice.resolveEnigmaApi.api.GetStepApiControllerIntegrationTest]
19:33:00.249 [main] DEBUG org.springframework.test.annotation.ProfileValueUtils - Retrieved ProfileValueSource type [class org.springframework.test.annotation.SystemProfileValueSource] for class [co.com.vanegas.microservice.resolveEnigmaApi.api.GetStepApiControllerIntegrationTest]
19:33:00.250 [main] DEBUG org.springframework.test.annotation.ProfileValueUtils - Retrieved @ProfileValueSourceConfiguration [null] for test class [co.com.vanegas.microservice.resolveEnigmaApi.api.GetStepApiControllerIntegrationTest]
19:33:00.250 [main] DEBUG org.springframework.test.annotation.ProfileValueUtils - Retrieved ProfileValueSource type [class org.springframework.test.annotation.SystemProfileValueSource] for class [co.com.vanegas.microservice.resolveEnigmaApi.api.GetStepApiControllerIntegrationTest]
19:33:00.259 [main] DEBUG org.springframework.test.context.junit4.SpringJUnit4ClassRunner - SpringJUnit4ClassRunner constructor called with [class co.com.vanegas.microservice.resolveEnigmaApi.api.GetStepApiControllerIntegrationTest]
19:33:00.259 [main] DEBUG org.springframework.test.context.BootstrapUtils - Instantiating CacheAwareContextLoaderDelegate from class [org.springframework.test.context.cache.DefaultCacheAwareContextLoaderDelegate]
19:33:00.259 [main] DEBUG org.springframework.test.context.BootstrapUtils - Instantiating BootstrapContext using constructor [public org.springframework.test.context.support.DefaultBootstrapContext(java.lang.Class,org.springframework.test.context.CacheAwareContextLoaderDelegate)]
19:33:00.259 [main] DEBUG org.springframework.test.context.BootstrapUtils - Instantiating TestContextBootstrapper for test class [co.com.vanegas.microservice.resolveEnigmaApi.api.GetStepApiControllerIntegrationTest] from class [org.springframework.boot.test.context.SpringBootTestContextBootstrapper]
19:33:00.259 [main] INFO org.springframework.boot.test.context.SpringBootTestContextBootstrapper - Neither @ContextConfiguration nor @ContextHierarchy found for test class [co.com.vanegas.microservice.resolveEnigmaApi.api.GetStepApiControllerIntegrationTest], using SpringBootContextLoader
19:33:00.259 [main] DEBUG org.springframework.test.context.support.AbstractContextLoader - Did not detect default resource location for test class [co.com.vanegas.microservice.resolveEnigmaApi.api.GetStepApiControllerIntegrationTest]: class path resource [co/com/vanegas/microservice/resolveEnigmaApi/api/GetStepApiControllerIntegrationTest-context.xml] does not exist
19:33:00.259 [main] DEBUG org.springframework.test.context.support.AbstractContextLoader - Did not detect default resource location for test class [co.com.vanegas.microservice.resolveEnigmaApi.api.GetStepApiControllerIntegrationTest]: class path resource [co/com/vanegas/microservice/resolveEnigmaApi/api/GetStepApiControllerIntegrationTestContext.groovy] does not exist
19:33:00.259 [main] INFO org.springframework.test.context.support.AbstractContextLoader - Could not detect default resource locations for test class [co.com.vanegas.microservice.resolveEnigmaApi.api.GetStepApiControllerIntegrationTest]: no resource found for suffixes {-context.xml, Context.groovy}.
19:33:00.259 [main] INFO org.springframework.test.context.support.AnnotationConfigContextLoaderUtils - Could not detect default configuration classes for test class [co.com.vanegas.microservice.resolveEnigmaApi.api.GetStepApiControllerIntegrationTest]: GetStepApiControllerIntegrationTest does not declare any static, non-private, non-final, nested classes annotated with @Configuration.
19:33:00.260 [main] DEBUG org.springframework.test.context.support.ActiveProfilesUtils - Could not find an 'annotation declaring class' for annotation type [org.springframework.test.context.ActiveProfiles] and class [co.com.vanegas.microservice.resolveEnigmaApi.api.GetStepApiControllerIntegrationTest]
19:33:00.260 [main] INFO org.springframework.boot.test.context.SpringBootTestContextBootstrapper - Found @SpringBootConfiguration co.com.vanegas.microservice.resolveEnigmaApi.Swagger2SpringBoot for test class co.com.vanegas.microservice.resolveEnigmaApi.api.GetStepApiControllerIntegrationTest
19:33:00.261 [main] DEBUG org.springframework.boot.test.context.SpringBootTestContextBootstrapper - @TestExecutionListeners is not present for class [co.com.vanegas.microservice.resolveEnigmaApi.api.GetStepApiControllerIntegrationTest]: using defaults.
19:33:00.261 [main] INFO org.springframework.boot.test.context.SpringBootTestContextBootstrapper - Loaded default TestExecutionListener class names from location [META-INF/spring.factories]: [org.springframework.boot.test.mock.mockito.MockitoTestExecutionListener, org.springframework.boot.test.mock.mockito.ResetMocksTestExecutionListener, org.springframework.boot.test.autoconfigure.restdocs.RestDocsTestExecutionListener, org.springframework.boot.test.autoconfigure.web.client.MockRestServiceServerResetTestExecutionListener, org.springframework.boot.test.autoconfigure.web.servlet.MockMvcPrintOnlyOnFailureTestExecutionListener, org.springframework.boot.test.autoconfigure.web.servlet.WebDriverTestExecutionListener, org.springframework.boot.test.autoconfigure.webservices.client.MockWebServiceServerTestExecutionListener, org.springframework.test.context.web.ServletTestExecutionListener, org.springframework.test.context.support.DirtiesContextBeforeModesTestExecutionListener, org.springframework.test.context.support.DependencyInjectionTestExecutionListener, org.springframework.test.context.support.DirtiesContextTestExecutionListener, org.springframework.test.context.transaction.TransactionalTestExecutionListener, org.springframework.test.context.jdbc.SqlScriptsTestExecutionListener, org.springframework.test.context.event.EventPublishingTestExecutionListener]
19:33:00.261 [main] DEBUG org.springframework.boot.test.context.SpringBootTestContextBootstrapper - Skipping candidate TestExecutionListener [org.springframework.test.context.transaction.TransactionalTestExecutionListener] due to a missing dependency. Specify custom listener classes or make the default listener classes and their required dependencies available. Offending class: [org/springframework/transaction/interceptor/TransactionAttributeSource]
19:33:00.261 [main] DEBUG org.springframework.boot.test.context.SpringBootTestContextBootstrapper - Skipping candidate TestExecutionListener [org.springframework.test.context.jdbc.SqlScriptsTestExecutionListener] due to a missing dependency. Specify custom listener classes or make the default listener classes and their required dependencies available. Offending class: [org/springframework/transaction/interceptor/TransactionAttribute]
19:33:00.261 [main] INFO org.springframework.boot.test.context.SpringBootTestContextBootstrapper - Using TestExecutionListeners: [org.springframework.test.context.web.ServletTestExecutionListener@205d38da, org.springframework.test.context.support.DirtiesContextBeforeModesTestExecutionListener@6950ed69, org.springframework.boot.test.mock.mockito.MockitoTestExecutionListener@6dd7b5a3, org.springframework.boot.test.autoconfigure.SpringBootDependencyInjectionTestExecutionListener@6f3187b0, org.springframework.test.context.support.DirtiesContextTestExecutionListener@2663e964, org.springframework.test.context.event.EventPublishingTestExecutionListener@48b67364, org.springframework.boot.test.mock.mockito.ResetMocksTestExecutionListener@189cbd7c, org.springframework.boot.test.autoconfigure.restdocs.RestDocsTestExecutionListener@7bf3a5d8, org.springframework.boot.test.autoconfigure.web.client.MockRestServiceServerResetTestExecutionListener@42e25b0b, org.springframework.boot.test.autoconfigure.web.servlet.MockMvcPrintOnlyOnFailureTestExecutionListener@39b43d60, org.springframework.boot.test.autoconfigure.web.servlet.WebDriverTestExecutionListener@44be0077, org.springframework.boot.test.autoconfigure.webservices.client.MockWebServiceServerTestExecutionListener@2205a05d]
19:33:00.261 [main] DEBUG org.springframework.test.annotation.ProfileValueUtils - Retrieved @ProfileValueSourceConfiguration [null] for test class [co.com.vanegas.microservice.resolveEnigmaApi.api.GetStepApiControllerIntegrationTest]
19:33:00.261 [main] DEBUG org.springframework.test.annotation.ProfileValueUtils - Retrieved ProfileValueSource type [class org.springframework.test.annotation.SystemProfileValueSource] for class [co.com.vanegas.microservice.resolveEnigmaApi.api.GetStepApiControllerIntegrationTest]
19:33:00.261 [main] DEBUG org.springframework.test.annotation.ProfileValueUtils - Retrieved @ProfileValueSourceConfiguration [null] for test class [co.com.vanegas.microservice.resolveEnigmaApi.api.GetStepApiControllerIntegrationTest]
19:33:00.261 [main] DEBUG org.springframework.test.annotation.ProfileValueUtils - Retrieved ProfileValueSource type [class org.springframework.test.annotation.SystemProfileValueSource] for class [co.com.vanegas.microservice.resolveEnigmaApi.api.GetStepApiControllerIntegrationTest]
19:33:00.261 [main] DEBUG org.springframework.test.annotation.ProfileValueUtils - Retrieved @ProfileValueSourceConfiguration [null] for test class [co.com.vanegas.microservice.resolveEnigmaApi.api.GetStepApiControllerIntegrationTest]
19:33:00.261 [main] DEBUG org.springframework.test.annotation.ProfileValueUtils - Retrieved ProfileValueSource type [class org.springframework.test.annotation.SystemProfileValueSource] for class [co.com.vanegas.microservice.resolveEnigmaApi.api.GetStepApiControllerIntegrationTest]
19:33:00.278 [main] DEBUG org.springframework.test.annotation.ProfileValueUtils - Retrieved @ProfileValueSourceConfiguration [null] for test class [co.com.vanegas.microservice.resolveEnigmaApi.api.GetStepApiControllerIntegrationTest]
19:33:00.278 [main] DEBUG org.springframework.test.annotation.ProfileValueUtils - Retrieved ProfileValueSource type [class org.springframework.test.annotation.SystemProfileValueSource] for class [co.com.vanegas.microservice.resolveEnigmaApi.api.GetStepApiControllerIntegrationTest]
19:33:00.279 [main] DEBUG org.springframework.test.annotation.ProfileValueUtils - Retrieved @ProfileValueSourceConfiguration [null] for test class [co.com.vanegas.microservice.resolveEnigmaApi.api.GetStepApiControllerIntegrationTest]
19:33:00.279 [main] DEBUG org.springframework.test.annotation.ProfileValueUtils - Retrieved ProfileValueSource type [class org.springframework.test.annotation.SystemProfileValueSource] for class [co.com.vanegas.microservice.resolveEnigmaApi.api.GetStepApiControllerIntegrationTest]
19:33:00.279 [main] DEBUG org.springframework.test.annotation.ProfileValueUtils - Retrieved @ProfileValueSourceConfiguration [null] for test class [co.com.vanegas.microservice.resolveEnigmaApi.api.GetStepApiControllerIntegrationTest]
19:33:00.279 [main] DEBUG org.springframework.test.annotation.ProfileValueUtils - Retrieved ProfileValueSource type [class org.springframework.test.annotation.SystemProfileValueSource] for class [co.com.vanegas.microservice.resolveEnigmaApi.api.GetStepApiControllerIntegrationTest]
19:33:00.281 [main] DEBUG org.springframework.test.context.support.AbstractDirtiesContextTestExecutionListener - Before test class: context [DefaultTestContext@45a37759 testClass = GetStepApiControllerIntegrationTest, testInstance = [null], testMethod = [null], testException = [null], mergedContextConfiguration = [WebMergedContextConfiguration@63611043 testClass = GetStepApiControllerIntegrationTest, locations = '{}', classes = '{class co.com.vanegas.microservice.resolveEnigmaApi.Swagger2SpringBoot}', contextInitializerClasses = '[]', activeProfiles = '{}', propertySourceLocations = '{}', propertySourceProperties = '{org.springframework.boot.test.context.SpringBootTestContextBootstrapper=true}', contextCustomizers = set[org.springframework.boot.test.context.filter.ExcludeFilterContextCustomizer@4f83df68, org.springframework.boot.test.json.DuplicateJsonObjectContextCustomizerFactory$DuplicateJsonObjectContextCustomizer@130d63be, org.springframework.boot.test.mock.mockito.MockitoContextCustomizer@0, org.springframework.boot.test.web.client.TestRestTemplateContextCustomizer@2a4fb17b, org.springframework.boot.test.autoconfigure.properties.PropertyMappingContextCustomizer@0, org.springframework.boot.test.autoconfigure.web.servlet.WebDriverContextCustomizerFactory$Customizer@2d3379b4, org.springframework.boot.test.context.SpringBootTestArgs@1], resourceBasePath = 'src/main/webapp', contextLoader = 'org.springframework.boot.test.context.SpringBootContextLoader', parent = [null]], attributes = map['org.springframework.test.context.web.ServletTestExecutionListener.activateListener' -> true]], class annotated with @DirtiesContext [false] with mode [null].
19:33:00.281 [main] DEBUG org.springframework.test.annotation.ProfileValueUtils - Retrieved @ProfileValueSourceConfiguration [null] for test class [co.com.vanegas.microservice.resolveEnigmaApi.api.GetStepApiControllerIntegrationTest]
19:33:00.281 [main] DEBUG org.springframework.test.annotation.ProfileValueUtils - Retrieved ProfileValueSource type [class org.springframework.test.annotation.SystemProfileValueSource] for class [co.com.vanegas.microservice.resolveEnigmaApi.api.GetStepApiControllerIntegrationTest]
19:33:00.295 [main] DEBUG org.springframework.test.context.support.TestPropertySourceUtils - Adding inlined properties to environment: {spring.jmx.enabled=false, org.springframework.boot.test.context.SpringBootTestContextBootstrapper=true}

  .   ____          _            __ _ _
 /\\ / ___'_ __ _ _(_)_ __  __ _ \ \ \ \
( ( )\___ | '_ | '_| | '_ \/ _` | \ \ \ \
 \\/  ___)| |_)| | | | | || (_| |  ) ) ) )
  '  |____| .__|_| |_|_| |_\__, | / / / /
 =========|_|==============|___/=/_/_/_/
&amp#27;[32m :: Spring Boot :: &amp#27;[39m      &amp#27;[2m (v2.3.1.RELEASE)&amp#27;[0;39m

&amp#27;[2m2024-10-15 19:33:02.664&amp#27;[0;39m &amp#27;[32m INFO&amp#27;[0;39m &amp#27;[35m40230&amp#27;[0;39m &amp#27;[2m---&amp#27;[0;39m &amp#27;[2m[           main]&amp#27;[0;39m &amp#27;[36mc.c.c.ConfigServicePropertySourceLocator&amp#27;[0;39m &amp#27;[2m:&amp#27;[0;39m Fetching config from server at : http://localhost:8888
&amp#27;[2m2024-10-15 19:33:02.830&amp#27;[0;39m &amp#27;[32m INFO&amp#27;[0;39m &amp#27;[35m40230&amp#27;[0;39m &amp#27;[2m---&amp#27;[0;39m &amp#27;[2m[           main]&amp#27;[0;39m &amp#27;[36mc.c.c.ConfigServicePropertySourceLocator&amp#27;[0;39m &amp#27;[2m:&amp#27;[0;39m Connect Timeout Exception on Url - http://localhost:8888. Will be trying the next url if available
&amp#27;[2m2024-10-15 19:33:02.830&amp#27;[0;39m &amp#27;[33m WARN&amp#27;[0;39m &amp#27;[35m40230&amp#27;[0;39m &amp#27;[2m---&amp#27;[0;39m &amp#27;[2m[           main]&amp#27;[0;39m &amp#27;[36mc.c.c.ConfigServicePropertySourceLocator&amp#27;[0;39m &amp#27;[2m:&amp#27;[0;39m Could not locate PropertySource: I/O error on GET request for "http://localhost:8888/stepOne/default": Connection refused; nested exception is java.net.ConnectException: Connection refused
&amp#27;[2m2024-10-15 19:33:02.834&amp#27;[0;39m &amp#27;[32m INFO&amp#27;[0;39m &amp#27;[35m40230&amp#27;[0;39m &amp#27;[2m---&amp#27;[0;39m &amp#27;[2m[           main]&amp#27;[0;39m &amp#27;[36m.r.a.GetStepApiControllerIntegrationTest&amp#27;[0;39m &amp#27;[2m:&amp#27;[0;39m No active profile set, falling back to default profiles: default
&amp#27;[2m2024-10-15 19:33:03.130&amp#27;[0;39m &amp#27;[32m INFO&amp#27;[0;39m &amp#27;[35m40230&amp#27;[0;39m &amp#27;[2m---&amp#27;[0;39m &amp#27;[2m[           main]&amp#27;[0;39m &amp#27;[36mo.s.cloud.context.scope.GenericScope    &amp#27;[0;39m &amp#27;[2m:&amp#27;[0;39m BeanFactory id=1284101c-4a23-37a9-b0d3-8dbbd37044f5
&amp#27;[2m2024-10-15 19:33:03.373&amp#27;[0;39m &amp#27;[32m INFO&amp#27;[0;39m &amp#27;[35m40230&amp#27;[0;39m &amp#27;[2m---&amp#27;[0;39m &amp#27;[2m[           main]&amp#27;[0;39m &amp#27;[36mpertySourcedRequestMappingHandlerMapping&amp#27;[0;39m &amp#27;[2m:&amp#27;[0;39m Mapped URL path [/v2/api-docs] onto method [springfox.documentation.swagger2.web.Swagger2Controller#getDocumentation(String, HttpServletRequest)]
&amp#27;[2m2024-10-15 19:33:03.441&amp#27;[0;39m &amp#27;[32m INFO&amp#27;[0;39m &amp#27;[35m40230&amp#27;[0;39m &amp#27;[2m---&amp#27;[0;39m &amp#27;[2m[           main]&amp#27;[0;39m &amp#27;[36mo.s.s.concurrent.ThreadPoolTaskExecutor &amp#27;[0;39m &amp#27;[2m:&amp#27;[0;39m Initializing ExecutorService 'applicationTaskExecutor'
&amp#27;[2m2024-10-15 19:33:03.718&amp#27;[0;39m &amp#27;[32m INFO&amp#27;[0;39m &amp#27;[35m40230&amp#27;[0;39m &amp#27;[2m---&amp#27;[0;39m &amp#27;[2m[           main]&amp#27;[0;39m &amp#27;[36md.s.w.p.DocumentationPluginsBootstrapper&amp#27;[0;39m &amp#27;[2m:&amp#27;[0;39m Context refreshed
&amp#27;[2m2024-10-15 19:33:03.723&amp#27;[0;39m &amp#27;[32m INFO&amp#27;[0;39m &amp#27;[35m40230&amp#27;[0;39m &amp#27;[2m---&amp#27;[0;39m &amp#27;[2m[           main]&amp#27;[0;39m &amp#27;[36md.s.w.p.DocumentationPluginsBootstrapper&amp#27;[0;39m &amp#27;[2m:&amp#27;[0;39m Found 1 custom documentation plugin(s)
&amp#27;[2m2024-10-15 19:33:03.743&amp#27;[0;39m &amp#27;[32m INFO&amp#27;[0;39m &amp#27;[35m40230&amp#27;[0;39m &amp#27;[2m---&amp#27;[0;39m &amp#27;[2m[           main]&amp#27;[0;39m &amp#27;[36ms.d.s.w.s.ApiListingReferenceScanner    &amp#27;[0;39m &amp#27;[2m:&amp#27;[0;39m Scanning for api listing references
&amp#27;[2m2024-10-15 19:33:03.784&amp#27;[0;39m &amp#27;[32m INFO&amp#27;[0;39m &amp#27;[35m40230&amp#27;[0;39m &amp#27;[2m---&amp#27;[0;39m &amp#27;[2m[           main]&amp#27;[0;39m &amp#27;[36m.r.a.GetStepApiControllerIntegrationTest&amp#27;[0;39m &amp#27;[2m:&amp#27;[0;39m Started GetStepApiControllerIntegrationTest in 3.484 seconds (JVM running for 4.121)
]]></system-out>
  </testcase>
</testsuite>